<?xml version="1.0" encoding="utf-8"?><testsuites name="pytest tests"><testsuite name="pytest" errors="0" failures="0" skipped="0" tests="20" time="0.320" timestamp="2026-08-18T15:54:58.741253+07:00" hostname="DESKTOP-RP0LS4T"><testcase classname="tests.test_phase2F1_seed_protocol_guardrails" name="test_g01_partition_seed_is_42" time="0.065" /><testcase classname="tests.test_phase2F1_seed_protocol_guardrails" name="test_g02_partition_seed_policy_matches_exactly" time="0.001" /><testcase classname="tests.test_phase2F1_seed_protocol_guardrails" name="test_g03_exactly_ten_training_seeds" time="0.000" /><testcase classname="tests.test_phase2F1_seed_protocol_guardrails" name="test_g04_ordered_seed_list_matches_locked_list" time="0.000" /><testcase classname="tests.test_phase2F1_seed_protocol_guardrails" name="test_g05_seeds_unique_and_in_domain" time="0.000" /><testcase classname="tests.test_phase2F1_seed_protocol_guardrails" name="test_g06_sha256_rule_reproduces_all_ten_seeds" time="0.001" /><testcase classname="tests.test_phase2F1_seed_protocol_guardrails" name="test_g07_no_seed_search" time="0.001" /><testcase classname="tests.test_phase2F1_seed_protocol_guardrails" name="test_g08_validation_and_test_not_used_for_seed_selection" time="0.000" /><testcase classname="tests.test_phase2F1_seed_protocol_guardrails" name="test_g09_supervised_and_ssl_share_same_ordered_seed_list" time="0.000" /><testcase classname="tests.test_phase2F1_seed_protocol_guardrails" name="test_g10_retry_policy_is_seed_preserving_and_auditable" time="0.000" /><testcase classname="tests.test_phase2F1_seed_protocol_guardrails" name="test_g11_aggregation_reports_per_seed_mean_and_sample_sd" time="0.021" /><testcase classname="tests.test_phase2F1_seed_protocol_guardrails" name="test_g12_both_rationales_exist" time="0.001" /><testcase classname="tests.test_phase2F1_seed_protocol_guardrails" name="test_g13_no_prohibited_claims" time="0.003" /><testcase classname="tests.test_phase2F1_seed_protocol_guardrails" name="test_g14_controlled_best_effort_and_gpu_limitation" time="0.000" /><testcase classname="tests.test_phase2F1_seed_protocol_guardrails" name="test_g15_phase2f_inherited_values_and_checksums" time="0.000" /><testcase classname="tests.test_phase2F1_seed_protocol_guardrails" name="test_g16_training_not_authorized" time="0.000" /><testcase classname="tests.test_phase2F1_seed_protocol_guardrails" name="test_g17_training_not_started" time="0.001" /><testcase classname="tests.test_phase2F1_seed_protocol_guardrails" name="test_g18_state_manifest_is_empty_template" time="0.001" /><testcase classname="tests.test_phase2F1_seed_protocol_guardrails" name="test_g19_artifacts_are_mutually_consistent" time="0.018" /><testcase classname="tests.test_phase2F1_seed_protocol_guardrails" name="test_g20_no_fabricated_training_output" time="0.001" /></testsuite></testsuites>