<?xml version="1.0" encoding="utf-8"?><testsuites name="pytest tests"><testsuite name="pytest" errors="0" failures="0" skipped="0" tests="53" time="1.407" timestamp="2026-08-19T17:45:23.182842+07:00" hostname="DESKTOP-RP0LS4T"><testcase classname="tests.test_phase3A_dataset_diagnostics_guardrails" name="test_a_protocol_locked_status" time="0.051" /><testcase classname="tests.test_phase3A_dataset_diagnostics_guardrails" name="test_b_primary_rare_threshold_locked" time="0.001" /><testcase classname="tests.test_phase3A_dataset_diagnostics_guardrails" name="test_c_primary_bbox_thresholds_locked" time="0.001" /><testcase classname="tests.test_phase3A_dataset_diagnostics_guardrails" name="test_d_sensitivity_thresholds_locked" time="0.001" /><testcase classname="tests.test_phase3A_dataset_diagnostics_guardrails" name="test_e_bbox_sensitivity_one_factor_at_a_time" time="0.001" /><testcase classname="tests.test_phase3A_dataset_diagnostics_guardrails" name="test_f_no_training_seed_configured" time="0.001" /><testcase classname="tests.test_phase3A_dataset_diagnostics_guardrails" name="test_g_hidden_unlabeled_gt_forbidden" time="0.001" /><testcase classname="tests.test_phase3A_dataset_diagnostics_guardrails" name="test_h_test_content_diagnostics_forbidden" time="0.001" /><testcase classname="tests.test_phase3A_dataset_diagnostics_guardrails" name="test_i_rare_image_level_support_formula" time="0.000" /><testcase classname="tests.test_phase3A_dataset_diagnostics_guardrails" name="test_j_rare_boundary_171_vs_172" time="0.000" /><testcase classname="tests.test_phase3A_dataset_diagnostics_guardrails" name="test_k_bbox_normalized_area_formula" time="0.000" /><testcase classname="tests.test_phase3A_dataset_diagnostics_guardrails" name="test_l_bbox_size_boundary_exactness" time="0.001" /><testcase classname="tests.test_phase3A_dataset_diagnostics_guardrails" name="test_m_bbox_center_formula" time="0.001" /><testcase classname="tests.test_phase3A_dataset_diagnostics_guardrails" name="test_n_bbox_validity_rules" time="0.000" /><testcase classname="tests.test_phase3A_dataset_diagnostics_guardrails" name="test_o_label_cardinality_unique_classes" time="0.000" /><testcase classname="tests.test_phase3A_dataset_diagnostics_guardrails" name="test_p_cooccurrence_unique_image_presence" time="0.000" /><testcase classname="tests.test_phase3A_dataset_diagnostics_guardrails" name="test_q_jaccard_formula" time="0.000" /><testcase classname="tests.test_phase3A_dataset_diagnostics_guardrails" name="test_r_sensitivity_does_not_mutate_primary_definition" time="0.000" /><testcase classname="tests.test_phase3A_dataset_diagnostics_guardrails" name="test_s_labeled_budget_nesting_logic" time="0.000" /><testcase classname="tests.test_phase3A_dataset_diagnostics_guardrails" name="test_t_output_contract" time="0.000" /><testcase classname="tests.test_phase3A_dataset_diagnostics_guardrails" name="test_u_phase_status_cannot_auto_close" time="0.001" /><testcase classname="tests.test_phase3A_dataset_diagnostics_guardrails" name="test_u2_validation_contract_fields" time="0.001" /><testcase classname="tests.test_phase3A_dataset_diagnostics_guardrails" name="test_determinism_of_derived_tables" time="0.001" /><testcase classname="tests.test_phase3A_dataset_diagnostics_guardrails" name="test_forbidden_terminology_absent" time="0.001" /><testcase classname="tests.test_phase3A_dataset_diagnostics_guardrails" name="test_no_training_or_inference_imports" time="0.008" /><testcase classname="tests.test_phase3A_dataset_diagnostics_guardrails" name="test_script_never_writes_into_locked_directories" time="0.001" /><testcase classname="tests.test_phase3A_dataset_diagnostics_guardrails" name="test_v_integration_canonical_hash_and_counts" time="0.178" /><testcase classname="tests.test_phase3A_dataset_diagnostics_guardrails" name="test_w_integration_fixed_split_hash_and_counts" time="0.224" /><testcase classname="tests.test_phase3A_dataset_diagnostics_guardrails" name="test_x_integration_labeled_hash_counts_and_nesting" time="0.159" /><testcase classname="tests.test_phase3A_dataset_diagnostics_guardrails" name="test_y_integration_no_training_started" time="0.001" /><testcase classname="tests.test_phase3A_dataset_diagnostics_guardrails" name="test_z0_module_loader_registers_module_in_sys_modules" time="0.004" /><testcase classname="tests.test_phase3A_dataset_diagnostics_guardrails" name="test_z1_output_path_gate_rejects_unsafe_targets" time="0.009" /><testcase classname="tests.test_phase3A_dataset_diagnostics_guardrails" name="test_z1b_output_path_gate_accepts_declared_targets" time="0.006" /><testcase classname="tests.test_phase3A_dataset_diagnostics_guardrails" name="test_z1c_writers_refuse_unregistered_paths" time="0.003" /><testcase classname="tests.test_phase3A_dataset_diagnostics_guardrails" name="test_z1d_output_contract_gate_rejects_tampered_protocol" time="0.039" /><testcase classname="tests.test_phase3A_dataset_diagnostics_guardrails" name="test_z2_validation_flags_are_evidence_derived" time="0.001" /><testcase classname="tests.test_phase3A_dataset_diagnostics_guardrails" name="test_z2b_derive_flags_from_runtime_tripwires" time="0.001" /><testcase classname="tests.test_phase3A_dataset_diagnostics_guardrails" name="test_z2c_contradictory_validation_is_rejected" time="0.001" /><testcase classname="tests.test_phase3A_dataset_diagnostics_guardrails" name="test_z3_output_contract_audit_covers_validation_and_manifest" time="0.066" /><testcase classname="tests.test_phase3A_dataset_diagnostics_guardrails" name="test_z3b_machine_readable_audit_is_structural" time="0.056" /><testcase classname="tests.test_phase3A_dataset_diagnostics_guardrails" name="test_z3c_label_cardinality_row_count_is_not_asserted" time="0.000" /><testcase classname="tests.test_phase3A_dataset_diagnostics_guardrails" name="test_z4_yaml_matches_python_locks" time="0.001" /><testcase classname="tests.test_phase3A_dataset_diagnostics_guardrails" name="test_z4b_tampered_yaml_lock_is_detected" time="0.020" /><testcase classname="tests.test_phase3A_dataset_diagnostics_guardrails" name="test_z5_runtime_emits_only_declared_hard_fail_codes" time="0.001" /><testcase classname="tests.test_phase3A_dataset_diagnostics_guardrails" name="test_z5b_undeclared_hard_fail_code_detector" time="0.000" /><testcase classname="tests.test_phase3A_dataset_diagnostics_guardrails" name="test_z5c_hf10_covers_canonical_and_fixed_train" time="0.001" /><testcase classname="tests.test_phase3A_dataset_diagnostics_guardrails" name="test_z5d_validation_rejects_undeclared_hard_fail_codes" time="0.001" /><testcase classname="tests.test_phase3A_dataset_diagnostics_guardrails" name="test_z6_plot_keys_are_consistent_end_to_end" time="0.011" /><testcase classname="tests.test_phase3A_dataset_diagnostics_guardrails" name="test_z6b_all_contract_keys_resolve_for_run_full" time="0.008" /><testcase classname="tests.test_phase3A_dataset_diagnostics_guardrails" name="test_z6c_run_full_indexes_no_unresolvable_output_key" time="0.009" /><testcase classname="tests.test_phase3A_dataset_diagnostics_guardrails" name="test_z7_report_emits_no_undefined_qualitative_claims" time="0.044" /><testcase classname="tests.test_phase3A_dataset_diagnostics_guardrails" name="test_z7b_section_18_uses_the_approved_wording" time="0.037" /><testcase classname="tests.test_phase3A_dataset_diagnostics_guardrails" name="test_z7c_snake_case_finding_tokens_are_unaffected" time="0.001" /></testsuite></testsuites>